{
  "/home/seapeas/JoblyAI/apps/backend/src/app/auth/auth.service.ts": {
    "path": "/home/seapeas/JoblyAI/apps/backend/src/app/auth/auth.service.ts",
    "statementMap": {
      "0": {
        "start": { "line": 6, "column": 7 },
        "end": { "line": 49, "column": null }
      },
      "1": {
        "start": { "line": 11, "column": 4 },
        "end": { "line": 11, "column": null }
      },
      "2": {
        "start": { "line": 12, "column": 20 },
        "end": { "line": 14, "column": null }
      },
      "3": {
        "start": { "line": 15, "column": 4 },
        "end": { "line": 18, "column": null }
      },
      "4": {
        "start": { "line": 16, "column": 6 },
        "end": { "line": 16, "column": null }
      },
      "5": {
        "start": { "line": 17, "column": 6 },
        "end": { "line": 17, "column": null }
      },
      "6": {
        "start": { "line": 19, "column": 4 },
        "end": { "line": 19, "column": null }
      },
      "7": {
        "start": { "line": 26, "column": 21 },
        "end": { "line": 26, "column": null }
      },
      "8": {
        "start": { "line": 27, "column": 4 },
        "end": { "line": 27, "column": null }
      },
      "9": {
        "start": { "line": 35, "column": 27 },
        "end": { "line": 35, "column": null }
      },
      "10": {
        "start": { "line": 36, "column": 4 },
        "end": { "line": 36, "column": null }
      },
      "11": {
        "start": { "line": 36, "column": 25 },
        "end": { "line": 36, "column": null }
      },
      "12": {
        "start": { "line": 37, "column": 4 },
        "end": { "line": 40, "column": null }
      },
      "13": {
        "start": { "line": 47, "column": 4 },
        "end": { "line": 47, "column": null }
      },
      "14": {
        "start": { "line": 6, "column": 13 },
        "end": { "line": 6, "column": 25 }
      }
    },
    "fnMap": {
      "0": {
        "name": "(anonymous_0)",
        "decl": {
          "start": { "line": 10, "column": 8 },
          "end": { "line": 10, "column": 19 }
        },
        "loc": {
          "start": { "line": 10, "column": 62 },
          "end": { "line": 20, "column": null }
        },
        "line": 10
      },
      "1": {
        "name": "(anonymous_1)",
        "decl": {
          "start": { "line": 25, "column": 8 },
          "end": { "line": 25, "column": 31 }
        },
        "loc": {
          "start": { "line": 25, "column": 53 },
          "end": { "line": 28, "column": null }
        },
        "line": 25
      },
      "2": {
        "name": "(anonymous_2)",
        "decl": {
          "start": { "line": 34, "column": 8 },
          "end": { "line": 34, "column": 22 }
        },
        "loc": {
          "start": { "line": 34, "column": 89 },
          "end": { "line": 41, "column": null }
        },
        "line": 34
      },
      "3": {
        "name": "(anonymous_3)",
        "decl": {
          "start": { "line": 46, "column": 2 },
          "end": { "line": 46, "column": 20 }
        },
        "loc": {
          "start": { "line": 46, "column": 20 },
          "end": { "line": 48, "column": null }
        },
        "line": 46
      }
    },
    "branchMap": {
      "0": {
        "loc": {
          "start": { "line": 15, "column": 4 },
          "end": { "line": 18, "column": null }
        },
        "type": "if",
        "locations": [
          {
            "start": { "line": 15, "column": 4 },
            "end": { "line": 18, "column": null }
          },
          { "start": {}, "end": {} }
        ],
        "line": 15
      },
      "1": {
        "loc": {
          "start": { "line": 36, "column": 4 },
          "end": { "line": 36, "column": null }
        },
        "type": "if",
        "locations": [
          {
            "start": { "line": 36, "column": 4 },
            "end": { "line": 36, "column": null }
          },
          { "start": {}, "end": {} }
        ],
        "line": 36
      }
    },
    "s": {
      "0": 1,
      "1": 3,
      "2": 3,
      "3": 3,
      "4": 1,
      "5": 1,
      "6": 2,
      "7": 1,
      "8": 1,
      "9": 1,
      "10": 1,
      "11": 0,
      "12": 1,
      "13": 1,
      "14": 1
    },
    "f": { "0": 3, "1": 1, "2": 1, "3": 1 },
    "b": { "0": [1, 2], "1": [0, 1] },
    "meta": {
      "lastBranch": 2,
      "lastFunction": 4,
      "lastStatement": 15,
      "seen": {
        "s:6:7:49:Infinity": 0,
        "f:10:8:10:19": 0,
        "s:11:4:11:Infinity": 1,
        "s:12:20:14:Infinity": 2,
        "b:15:4:18:Infinity:undefined:undefined:undefined:undefined": 0,
        "s:15:4:18:Infinity": 3,
        "s:16:6:16:Infinity": 4,
        "s:17:6:17:Infinity": 5,
        "s:19:4:19:Infinity": 6,
        "f:25:8:25:31": 1,
        "s:26:21:26:Infinity": 7,
        "s:27:4:27:Infinity": 8,
        "f:34:8:34:22": 2,
        "s:35:27:35:Infinity": 9,
        "b:36:4:36:Infinity:undefined:undefined:undefined:undefined": 1,
        "s:36:4:36:Infinity": 10,
        "s:36:25:36:Infinity": 11,
        "s:37:4:40:Infinity": 12,
        "f:46:2:46:20": 3,
        "s:47:4:47:Infinity": 13,
        "s:6:13:6:25": 14
      }
    }
  }
}
