{"/Users/seapeas/JoblyAI/apps/backend/src/app/auth/auth.service.ts": {"path":"/Users/seapeas/JoblyAI/apps/backend/src/app/auth/auth.service.ts","statementMap":{"0":{"start":{"line":6,"column":7},"end":{"line":48,"column":null}},"1":{"start":{"line":12,"column":21},"end":{"line":12,"column":null}},"2":{"start":{"line":13,"column":19},"end":{"line":13,"column":null}},"3":{"start":{"line":15,"column":4},"end":{"line":17,"column":null}},"4":{"start":{"line":16,"column":6},"end":{"line":16,"column":null}},"5":{"start":{"line":20,"column":20},"end":{"line":24,"column":null}},"6":{"start":{"line":26,"column":4},"end":{"line":29,"column":null}},"7":{"start":{"line":28,"column":6},"end":{"line":28,"column":null}},"8":{"start":{"line":31,"column":4},"end":{"line":31,"column":null}},"9":{"start":{"line":38,"column":21},"end":{"line":38,"column":null}},"10":{"start":{"line":39,"column":4},"end":{"line":39,"column":null}},"11":{"start":{"line":46,"column":4},"end":{"line":46,"column":null}},"12":{"start":{"line":6,"column":13},"end":{"line":6,"column":25}}},"fnMap":{"0":{"name":"(anonymous_0)","decl":{"start":{"line":10,"column":8},"end":{"line":10,"column":19}},"loc":{"start":{"line":10,"column":41},"end":{"line":32,"column":null}},"line":10},"1":{"name":"(anonymous_1)","decl":{"start":{"line":37,"column":8},"end":{"line":37,"column":31}},"loc":{"start":{"line":37,"column":53},"end":{"line":40,"column":null}},"line":37},"2":{"name":"(anonymous_2)","decl":{"start":{"line":45,"column":2},"end":{"line":45,"column":20}},"loc":{"start":{"line":45,"column":20},"end":{"line":47,"column":null}},"line":45}},"branchMap":{"0":{"loc":{"start":{"line":15,"column":4},"end":{"line":17,"column":null}},"type":"if","locations":[{"start":{"line":15,"column":4},"end":{"line":17,"column":null}},{"start":{},"end":{}}],"line":15},"1":{"loc":{"start":{"line":26,"column":4},"end":{"line":29,"column":null}},"type":"if","locations":[{"start":{"line":26,"column":4},"end":{"line":29,"column":null}},{"start":{},"end":{}}],"line":26}},"s":{"0":1,"1":4,"2":4,"3":4,"4":1,"5":3,"6":3,"7":2,"8":3,"9":1,"10":1,"11":1,"12":1},"f":{"0":4,"1":1,"2":1},"b":{"0":[1,3],"1":[2,1]},"meta":{"lastBranch":2,"lastFunction":3,"lastStatement":13,"seen":{"s:6:7:48:Infinity":0,"f:10:8:10:19":0,"s:12:21:12:Infinity":1,"s:13:19:13:Infinity":2,"b:15:4:17:Infinity:undefined:undefined:undefined:undefined":0,"s:15:4:17:Infinity":3,"s:16:6:16:Infinity":4,"s:20:20:24:Infinity":5,"b:26:4:29:Infinity:undefined:undefined:undefined:undefined":1,"s:26:4:29:Infinity":6,"s:28:6:28:Infinity":7,"s:31:4:31:Infinity":8,"f:37:8:37:31":1,"s:38:21:38:Infinity":9,"s:39:4:39:Infinity":10,"f:45:2:45:20":2,"s:46:4:46:Infinity":11,"s:6:13:6:25":12}}}
}
